  Button.cpp
  DataBase.cpp
  Engine.cpp
  GameEngineManager.cpp
  GameObjectManager.cpp
  GameObject.cpp
  Grid.cpp
C:\Users\DOME3105\Documents\GitHub\LeSnakeSfml\SFML_BaseProject\SFML_BaseProject\Grid\Grid.cpp(10,19): warning C4244: 'initializing': conversion from 'T' to 'float', possible loss of data
          with
          [
              T=unsigned int
          ]
C:\Users\DOME3105\Documents\GitHub\LeSnakeSfml\SFML_BaseProject\SFML_BaseProject\Grid\Grid.cpp(11,19): warning C4244: 'initializing': conversion from 'T' to 'float', possible loss of data
          with
          [
              T=unsigned int
          ]
  Node.cpp
  SFML_BaseProject.cpp
  Viewport.cpp
  Generating code
  106 of 259 functions (40.9%) were compiled, the rest were copied from previous compilation.
    6 functions were new in current compilation
    18 functions had inline decision re-evaluated but remain unchanged
  Finished generating code
  SFML_BaseProject.vcxproj -> C:\Users\DOME3105\Documents\GitHub\LeSnakeSfml\SFML_BaseProject\x64\Release\SFML_BaseProject.exe
